\BOOKMARK [1][-]{section.1}{\376\377\0001\000\040\000B\000l\000o\000g\000A\000p\000i\000\040\000-\000\040\000D\000o\000c\000u\000m\000e\000n\000t\000a\000t\000i\000o\000n\000\040\000t\000e\000c\000h\000n\000i\000q\000u\000e\000\040\000c\000o\000m\000p\000l\000\350\000t\000e}{}% 1
\BOOKMARK [2][-]{subsection.1.1}{\376\377\0001\000.\0001\000\040\000P\000r\000\351\000s\000e\000n\000t\000a\000t\000i\000o\000n\000\040\000d\000u\000\040\000p\000r\000o\000j\000e\000t}{section.1}% 2
\BOOKMARK [3][-]{subsubsection.1.1.1}{\376\377\0001\000.\0001\000.\0001\000\040\000I\000n\000f\000o\000r\000m\000a\000t\000i\000o\000n\000s\000\040\000g\000\351\000n\000\351\000r\000a\000l\000e\000s}{subsection.1.1}% 3
\BOOKMARK [2][-]{subsection.1.2}{\376\377\0001\000.\0002\000\040\000O\000b\000j\000e\000c\000t\000i\000f\000s\000\040\000d\000u\000\040\000p\000r\000o\000j\000e\000t}{section.1}% 4
\BOOKMARK [2][-]{subsection.1.3}{\376\377\0001\000.\0003\000\040\000A\000r\000c\000h\000i\000t\000e\000c\000t\000u\000r\000e}{section.1}% 5
\BOOKMARK [3][-]{subsubsection.1.3.1}{\376\377\0001\000.\0003\000.\0001\000\040\000D\000i\000a\000g\000r\000a\000m\000m\000e\000s\000\040\000U\000M\000L}{subsection.1.3}% 6
\BOOKMARK [2][-]{subsection.1.4}{\376\377\0001\000.\0004\000\040\000F\000o\000n\000c\000t\000i\000o\000n\000n\000a\000l\000i\000t\000\351\000s\000\040\000p\000r\000i\000n\000c\000i\000p\000a\000l\000e\000s}{section.1}% 7
\BOOKMARK [3][-]{subsubsection.1.4.1}{\376\377\0001\000.\0004\000.\0001\000\040\000O\000p\000\351\000r\000a\000t\000i\000o\000n\000s\000\040\000C\000R\000U\000D\000\040\000c\000o\000m\000p\000l\000\350\000t\000e\000s}{subsection.1.4}% 8
\BOOKMARK [3][-]{subsubsection.1.4.2}{\376\377\0001\000.\0004\000.\0002\000\040\000D\000i\000a\000g\000r\000a\000m\000m\000e\000s\000\040\000d\000e\000\040\000c\000a\000s\000\040\000d\000'\000u\000t\000i\000l\000i\000s\000a\000t\000i\000o\000n}{subsection.1.4}% 9
\BOOKMARK [3][-]{subsubsection.1.4.3}{\376\377\0001\000.\0004\000.\0003\000\040\000F\000l\000u\000x\000\040\000d\000e\000\040\000c\000r\000\351\000a\000t\000i\000o\000n\000\040\000d\000'\000u\000n\000\040\000a\000r\000t\000i\000c\000l\000e}{subsection.1.4}% 10
\BOOKMARK [3][-]{subsubsection.1.4.4}{\376\377\0001\000.\0004\000.\0004\000\040\000F\000l\000u\000x\000\040\000d\000e\000\040\000m\000i\000s\000e\000\040\000\340\000\040\000j\000o\000u\000r\000\040\000d\000'\000u\000n\000\040\000a\000r\000t\000i\000c\000l\000e}{subsection.1.4}% 11
\BOOKMARK [3][-]{subsubsection.1.4.5}{\376\377\0001\000.\0004\000.\0005\000\040\000V\000a\000l\000i\000d\000a\000t\000i\000o\000n\000\040\000a\000u\000t\000o\000m\000a\000t\000i\000q\000u\000e}{subsection.1.4}% 12
\BOOKMARK [3][-]{subsubsection.1.4.6}{\376\377\0001\000.\0004\000.\0006\000\040\000S\000u\000p\000p\000o\000r\000t\000\040\000C\000O\000R\000S}{subsection.1.4}% 13
\BOOKMARK [3][-]{subsubsection.1.4.7}{\376\377\0001\000.\0004\000.\0007\000\040\000M\000i\000g\000r\000a\000t\000i\000o\000n\000s\000\040\000a\000u\000t\000o\000m\000a\000t\000i\000q\000u\000e\000s}{subsection.1.4}% 14
\BOOKMARK [2][-]{subsection.1.5}{\376\377\0001\000.\0005\000\040\000M\000o\000d\000\350\000l\000e\000\040\000d\000e\000\040\000d\000o\000n\000n\000\351\000e\000s}{section.1}% 15
\BOOKMARK [3][-]{subsubsection.1.5.1}{\376\377\0001\000.\0005\000.\0001\000\040\000E\000n\000t\000i\000t\000\351\000\040\000P\000o\000s\000t}{subsection.1.5}% 16
\BOOKMARK [2][-]{subsection.1.6}{\376\377\0001\000.\0006\000\040\000T\000e\000c\000h\000n\000o\000l\000o\000g\000i\000e\000s\000\040\000u\000t\000i\000l\000i\000s\000\351\000e\000s}{section.1}% 17
\BOOKMARK [3][-]{subsubsection.1.6.1}{\376\377\0001\000.\0006\000.\0001\000\040\000B\000a\000c\000k\000e\000n\000d}{subsection.1.6}% 18
\BOOKMARK [3][-]{subsubsection.1.6.2}{\376\377\0001\000.\0006\000.\0002\000\040\000B\000a\000s\000e\000\040\000d\000e\000\040\000d\000o\000n\000n\000\351\000e\000s}{subsection.1.6}% 19
\BOOKMARK [3][-]{subsubsection.1.6.3}{\376\377\0001\000.\0006\000.\0003\000\040\000D\000o\000c\000u\000m\000e\000n\000t\000a\000t\000i\000o\000n}{subsection.1.6}% 20
\BOOKMARK [3][-]{subsubsection.1.6.4}{\376\377\0001\000.\0006\000.\0004\000\040\000O\000u\000t\000i\000l\000s\000\040\000d\000e\000\040\000d\000\351\000v\000e\000l\000o\000p\000p\000e\000m\000e\000n\000t}{subsection.1.6}% 21
\BOOKMARK [2][-]{subsection.1.7}{\376\377\0001\000.\0007\000\040\000C\000o\000n\000f\000i\000g\000u\000r\000a\000t\000i\000o\000n}{section.1}% 22
\BOOKMARK [3][-]{subsubsection.1.7.1}{\376\377\0001\000.\0007\000.\0001\000\040\000C\000h\000a\000\356\000n\000e\000\040\000d\000e\000\040\000c\000o\000n\000n\000e\000x\000i\000o\000n}{subsection.1.7}% 23
\BOOKMARK [3][-]{subsubsection.1.7.2}{\376\377\0001\000.\0007\000.\0002\000\040\000C\000O\000R\000S}{subsection.1.7}% 24
\BOOKMARK [3][-]{subsubsection.1.7.3}{\376\377\0001\000.\0007\000.\0003\000\040\000S\000w\000a\000g\000g\000e\000r}{subsection.1.7}% 25
\BOOKMARK [2][-]{subsection.1.8}{\376\377\0001\000.\0008\000\040\000S\000t\000r\000u\000c\000t\000u\000r\000e\000\040\000d\000u\000\040\000c\000o\000d\000e\000\040\000s\000o\000u\000r\000c\000e}{section.1}% 26
\BOOKMARK [2][-]{subsection.1.9}{\376\377\0001\000.\0009\000\040\000C\000o\000n\000t\000e\000x\000t\000e\000\040\000p\000\351\000d\000a\000g\000o\000g\000i\000q\000u\000e}{section.1}% 27
\BOOKMARK [2][-]{subsection.1.10}{\376\377\0001\000.\0001\0000\000\040\000C\000o\000n\000t\000a\000c\000t\000\040\000e\000t\000\040\000s\000u\000p\000p\000o\000r\000t}{section.1}% 28
\BOOKMARK [1][-]{section.2}{\376\377\0002\000\040\000I\000n\000d\000e\000x\000\040\000d\000e\000s\000\040\000e\000s\000p\000a\000c\000e\000s\000\040\000d\000e\000\040\000n\000o\000m\000m\000a\000g\000e}{}% 29
\BOOKMARK [2][-]{subsection.2.1}{\376\377\0002\000.\0001\000\040\000L\000i\000s\000t\000e\000\040\000d\000e\000s\000\040\000p\000a\000q\000u\000e\000t\000a\000g\000e\000s}{section.2}% 30
\BOOKMARK [1][-]{section.3}{\376\377\0003\000\040\000I\000n\000d\000e\000x\000\040\000h\000i\000\351\000r\000a\000r\000c\000h\000i\000q\000u\000e}{}% 31
\BOOKMARK [2][-]{subsection.3.1}{\376\377\0003\000.\0001\000\040\000H\000i\000\351\000r\000a\000r\000c\000h\000i\000e\000\040\000d\000e\000s\000\040\000c\000l\000a\000s\000s\000e\000s}{section.3}% 32
\BOOKMARK [1][-]{section.4}{\376\377\0004\000\040\000I\000n\000d\000e\000x\000\040\000d\000e\000s\000\040\000c\000l\000a\000s\000s\000e\000s}{}% 33
\BOOKMARK [2][-]{subsection.4.1}{\376\377\0004\000.\0001\000\040\000L\000i\000s\000t\000e\000\040\000d\000e\000s\000\040\000c\000l\000a\000s\000s\000e\000s}{section.4}% 34
\BOOKMARK [1][-]{section.5}{\376\377\0005\000\040\000I\000n\000d\000e\000x\000\040\000d\000e\000s\000\040\000f\000i\000c\000h\000i\000e\000r\000s}{}% 35
\BOOKMARK [2][-]{subsection.5.1}{\376\377\0005\000.\0001\000\040\000L\000i\000s\000t\000e\000\040\000d\000e\000s\000\040\000f\000i\000c\000h\000i\000e\000r\000s}{section.5}% 36
\BOOKMARK [1][-]{section.6}{\376\377\0006\000\040\000D\000o\000c\000u\000m\000e\000n\000t\000a\000t\000i\000o\000n\000\040\000d\000e\000s\000\040\000e\000s\000p\000a\000c\000e\000s\000\040\000d\000e\000\040\000n\000o\000m\000m\000a\000g\000e}{}% 37
\BOOKMARK [2][-]{subsection.6.1}{\376\377\0006\000.\0001\000\040\000R\000\351\000f\000\351\000r\000e\000n\000c\000e\000\040\000d\000e\000\040\000l\000\047\000e\000s\000p\000a\000c\000e\000\040\000d\000e\000\040\000n\000o\000m\000m\000a\000g\000e\000\040\000P\000a\000t\000h\000T\000a\000l\000e\000s\000B\000a\000c\000k}{section.6}% 38
\BOOKMARK [2][-]{subsection.6.2}{\376\377\0006\000.\0002\000\040\000R\000\351\000f\000\351\000r\000e\000n\000c\000e\000\040\000d\000e\000\040\000l\000\047\000e\000s\000p\000a\000c\000e\000\040\000d\000e\000\040\000n\000o\000m\000m\000a\000g\000e\000\040\000P\000a\000t\000h\000T\000a\000l\000e\000s\000B\000a\000c\000k\000.\000C\000o\000n\000t\000r\000o\000l\000l\000e\000r\000s}{section.6}% 39
\BOOKMARK [2][-]{subsection.6.3}{\376\377\0006\000.\0003\000\040\000R\000\351\000f\000\351\000r\000e\000n\000c\000e\000\040\000d\000e\000\040\000l\000\047\000e\000s\000p\000a\000c\000e\000\040\000d\000e\000\040\000n\000o\000m\000m\000a\000g\000e\000\040\000P\000a\000t\000h\000T\000a\000l\000e\000s\000B\000a\000c\000k\000.\000D\000a\000t\000a}{section.6}% 40
\BOOKMARK [2][-]{subsection.6.4}{\376\377\0006\000.\0004\000\040\000R\000\351\000f\000\351\000r\000e\000n\000c\000e\000\040\000d\000e\000\040\000l\000\047\000e\000s\000p\000a\000c\000e\000\040\000d\000e\000\040\000n\000o\000m\000m\000a\000g\000e\000\040\000P\000a\000t\000h\000T\000a\000l\000e\000s\000B\000a\000c\000k\000.\000E\000n\000t\000i\000t\000i\000e\000s}{section.6}% 41
\BOOKMARK [1][-]{section.7}{\376\377\0007\000\040\000D\000o\000c\000u\000m\000e\000n\000t\000a\000t\000i\000o\000n\000\040\000d\000e\000s\000\040\000c\000l\000a\000s\000s\000e\000s}{}% 42
\BOOKMARK [2][-]{subsection.7.1}{\376\377\0007\000.\0001\000\040\000R\000\351\000f\000\351\000r\000e\000n\000c\000e\000\040\000d\000e\000\040\000l\000a\000\040\000c\000l\000a\000s\000s\000e\000\040\000P\000a\000t\000h\000T\000a\000l\000e\000s\000B\000a\000c\000k\000.\000E\000n\000t\000i\000t\000i\000e\000s\000.\000P\000a\000r\000a\000g\000r\000a\000p\000h\000.\000C\000h\000o\000i\000c\000e}{section.7}% 43
\BOOKMARK [3][-]{subsubsection.7.1.1}{\376\377\0007\000.\0001\000.\0001\000\040\000D\000e\000s\000c\000r\000i\000p\000t\000i\000o\000n\000\040\000d\000\351\000t\000a\000i\000l\000l\000\351\000e}{subsection.7.1}% 44
\BOOKMARK [3][-]{subsubsection.7.1.2}{\376\377\0007\000.\0001\000.\0002\000\040\000D\000o\000c\000u\000m\000e\000n\000t\000a\000t\000i\000o\000n\000\040\000d\000e\000s\000\040\000p\000r\000o\000p\000r\000i\000\351\000t\000\351\000s}{subsection.7.1}% 45
\BOOKMARK [2][-]{subsection.7.2}{\376\377\0007\000.\0002\000\040\000R\000\351\000f\000\351\000r\000e\000n\000c\000e\000\040\000d\000e\000\040\000l\000a\000\040\000c\000l\000a\000s\000s\000e\000\040\000C\000o\000n\000t\000r\000o\000l\000l\000e\000r\000B\000a\000s\000e}{section.7}% 46
\BOOKMARK [2][-]{subsection.7.3}{\376\377\0007\000.\0003\000\040\000R\000\351\000f\000\351\000r\000e\000n\000c\000e\000\040\000d\000e\000\040\000l\000a\000\040\000c\000l\000a\000s\000s\000e\000\040\000P\000a\000t\000h\000T\000a\000l\000e\000s\000B\000a\000c\000k\000.\000D\000a\000t\000a\000.\000M\000o\000n\000g\000o\000D\000b\000S\000e\000r\000v\000i\000c\000e}{section.7}% 47
\BOOKMARK [3][-]{subsubsection.7.3.1}{\376\377\0007\000.\0003\000.\0001\000\040\000D\000e\000s\000c\000r\000i\000p\000t\000i\000o\000n\000\040\000d\000\351\000t\000a\000i\000l\000l\000\351\000e}{subsection.7.3}% 48
\BOOKMARK [3][-]{subsubsection.7.3.2}{\376\377\0007\000.\0003\000.\0002\000\040\000D\000o\000c\000u\000m\000e\000n\000t\000a\000t\000i\000o\000n\000\040\000d\000e\000s\000\040\000c\000o\000n\000s\000t\000r\000u\000c\000t\000e\000u\000r\000s\000\040\000e\000t\000\040\000d\000e\000s\000t\000r\000u\000c\000t\000e\000u\000r}{subsection.7.3}% 49
\BOOKMARK [3][-]{subsubsection.7.3.3}{\376\377\0007\000.\0003\000.\0003\000\040\000D\000o\000c\000u\000m\000e\000n\000t\000a\000t\000i\000o\000n\000\040\000d\000e\000s\000\040\000d\000o\000n\000n\000\351\000e\000s\000\040\000m\000e\000m\000b\000r\000e\000s}{subsection.7.3}% 50
\BOOKMARK [3][-]{subsubsection.7.3.4}{\376\377\0007\000.\0003\000.\0004\000\040\000D\000o\000c\000u\000m\000e\000n\000t\000a\000t\000i\000o\000n\000\040\000d\000e\000s\000\040\000p\000r\000o\000p\000r\000i\000\351\000t\000\351\000s}{subsection.7.3}% 51
\BOOKMARK [2][-]{subsection.7.4}{\376\377\0007\000.\0004\000\040\000R\000\351\000f\000\351\000r\000e\000n\000c\000e\000\040\000d\000e\000\040\000l\000a\000\040\000c\000l\000a\000s\000s\000e\000\040\000P\000a\000t\000h\000T\000a\000l\000e\000s\000B\000a\000c\000k\000.\000E\000n\000t\000i\000t\000i\000e\000s\000.\000P\000a\000r\000a\000g\000r\000a\000p\000h}{section.7}% 52
\BOOKMARK [3][-]{subsubsection.7.4.1}{\376\377\0007\000.\0004\000.\0001\000\040\000D\000e\000s\000c\000r\000i\000p\000t\000i\000o\000n\000\040\000d\000\351\000t\000a\000i\000l\000l\000\351\000e}{subsection.7.4}% 53
\BOOKMARK [3][-]{subsubsection.7.4.2}{\376\377\0007\000.\0004\000.\0002\000\040\000D\000o\000c\000u\000m\000e\000n\000t\000a\000t\000i\000o\000n\000\040\000d\000e\000s\000\040\000p\000r\000o\000p\000r\000i\000\351\000t\000\351\000s}{subsection.7.4}% 54
\BOOKMARK [2][-]{subsection.7.5}{\376\377\0007\000.\0005\000\040\000R\000\351\000f\000\351\000r\000e\000n\000c\000e\000\040\000d\000e\000\040\000l\000a\000\040\000c\000l\000a\000s\000s\000e\000\040\000P\000a\000t\000h\000T\000a\000l\000e\000s\000B\000a\000c\000k\000.\000E\000n\000t\000i\000t\000i\000e\000s\000.\000S\000t\000o\000r\000y\000.\000R\000a\000t\000i\000n\000g}{section.7}% 55
\BOOKMARK [3][-]{subsubsection.7.5.1}{\376\377\0007\000.\0005\000.\0001\000\040\000D\000e\000s\000c\000r\000i\000p\000t\000i\000o\000n\000\040\000d\000\351\000t\000a\000i\000l\000l\000\351\000e}{subsection.7.5}% 56
\BOOKMARK [3][-]{subsubsection.7.5.2}{\376\377\0007\000.\0005\000.\0002\000\040\000D\000o\000c\000u\000m\000e\000n\000t\000a\000t\000i\000o\000n\000\040\000d\000e\000s\000\040\000p\000r\000o\000p\000r\000i\000\351\000t\000\351\000s}{subsection.7.5}% 57
\BOOKMARK [2][-]{subsection.7.6}{\376\377\0007\000.\0006\000\040\000R\000\351\000f\000\351\000r\000e\000n\000c\000e\000\040\000d\000e\000\040\000l\000a\000\040\000c\000l\000a\000s\000s\000e\000\040\000P\000a\000t\000h\000T\000a\000l\000e\000s\000B\000a\000c\000k\000.\000E\000n\000t\000i\000t\000i\000e\000s\000.\000R\000e\000p\000o\000r\000t}{section.7}% 58
\BOOKMARK [3][-]{subsubsection.7.6.1}{\376\377\0007\000.\0006\000.\0001\000\040\000D\000e\000s\000c\000r\000i\000p\000t\000i\000o\000n\000\040\000d\000\351\000t\000a\000i\000l\000l\000\351\000e}{subsection.7.6}% 59
\BOOKMARK [3][-]{subsubsection.7.6.2}{\376\377\0007\000.\0006\000.\0002\000\040\000D\000o\000c\000u\000m\000e\000n\000t\000a\000t\000i\000o\000n\000\040\000d\000e\000s\000\040\000p\000r\000o\000p\000r\000i\000\351\000t\000\351\000s}{subsection.7.6}% 60
\BOOKMARK [2][-]{subsection.7.7}{\376\377\0007\000.\0007\000\040\000R\000\351\000f\000\351\000r\000e\000n\000c\000e\000\040\000d\000e\000\040\000l\000a\000\040\000c\000l\000a\000s\000s\000e\000\040\000P\000a\000t\000h\000T\000a\000l\000e\000s\000B\000a\000c\000k\000.\000E\000n\000t\000i\000t\000i\000e\000s\000.\000S\000t\000o\000r\000y}{section.7}% 61
\BOOKMARK [3][-]{subsubsection.7.7.1}{\376\377\0007\000.\0007\000.\0001\000\040\000D\000e\000s\000c\000r\000i\000p\000t\000i\000o\000n\000\040\000d\000\351\000t\000a\000i\000l\000l\000\351\000e}{subsection.7.7}% 62
\BOOKMARK [3][-]{subsubsection.7.7.2}{\376\377\0007\000.\0007\000.\0002\000\040\000D\000o\000c\000u\000m\000e\000n\000t\000a\000t\000i\000o\000n\000\040\000d\000e\000s\000\040\000p\000r\000o\000p\000r\000i\000\351\000t\000\351\000s}{subsection.7.7}% 63
\BOOKMARK [2][-]{subsection.7.8}{\376\377\0007\000.\0008\000\040\000R\000\351\000f\000\351\000r\000e\000n\000c\000e\000\040\000d\000e\000\040\000l\000a\000\040\000c\000l\000a\000s\000s\000e\000\040\000P\000a\000t\000h\000T\000a\000l\000e\000s\000B\000a\000c\000k\000.\000E\000n\000t\000i\000t\000i\000e\000s\000.\000U\000s\000e\000r}{section.7}% 64
\BOOKMARK [3][-]{subsubsection.7.8.1}{\376\377\0007\000.\0008\000.\0001\000\040\000D\000e\000s\000c\000r\000i\000p\000t\000i\000o\000n\000\040\000d\000\351\000t\000a\000i\000l\000l\000\351\000e}{subsection.7.8}% 65
\BOOKMARK [3][-]{subsubsection.7.8.2}{\376\377\0007\000.\0008\000.\0002\000\040\000D\000o\000c\000u\000m\000e\000n\000t\000a\000t\000i\000o\000n\000\040\000d\000e\000s\000\040\000p\000r\000o\000p\000r\000i\000\351\000t\000\351\000s}{subsection.7.8}% 66
\BOOKMARK [2][-]{subsection.7.9}{\376\377\0007\000.\0009\000\040\000R\000\351\000f\000\351\000r\000e\000n\000c\000e\000\040\000d\000e\000\040\000l\000a\000\040\000c\000l\000a\000s\000s\000e\000\040\000P\000a\000t\000h\000T\000a\000l\000e\000s\000B\000a\000c\000k\000.\000C\000o\000n\000t\000r\000o\000l\000l\000e\000r\000s\000.\000U\000s\000e\000r\000C\000o\000n\000t\000r\000o\000l\000l\000e\000r}{section.7}% 67
\BOOKMARK [3][-]{subsubsection.7.9.1}{\376\377\0007\000.\0009\000.\0001\000\040\000D\000e\000s\000c\000r\000i\000p\000t\000i\000o\000n\000\040\000d\000\351\000t\000a\000i\000l\000l\000\351\000e}{subsection.7.9}% 68
\BOOKMARK [3][-]{subsubsection.7.9.2}{\376\377\0007\000.\0009\000.\0002\000\040\000D\000o\000c\000u\000m\000e\000n\000t\000a\000t\000i\000o\000n\000\040\000d\000e\000s\000\040\000c\000o\000n\000s\000t\000r\000u\000c\000t\000e\000u\000r\000s\000\040\000e\000t\000\040\000d\000e\000s\000t\000r\000u\000c\000t\000e\000u\000r}{subsection.7.9}% 69
\BOOKMARK [3][-]{subsubsection.7.9.3}{\376\377\0007\000.\0009\000.\0003\000\040\000D\000o\000c\000u\000m\000e\000n\000t\000a\000t\000i\000o\000n\000\040\000d\000e\000s\000\040\000f\000o\000n\000c\000t\000i\000o\000n\000s\000\040\000m\000e\000m\000b\000r\000e\000s}{subsection.7.9}% 70
\BOOKMARK [3][-]{subsubsection.7.9.4}{\376\377\0007\000.\0009\000.\0004\000\040\000D\000o\000c\000u\000m\000e\000n\000t\000a\000t\000i\000o\000n\000\040\000d\000e\000s\000\040\000d\000o\000n\000n\000\351\000e\000s\000\040\000m\000e\000m\000b\000r\000e\000s}{subsection.7.9}% 71
\BOOKMARK [1][-]{section.8}{\376\377\0008\000\040\000D\000o\000c\000u\000m\000e\000n\000t\000a\000t\000i\000o\000n\000\040\000d\000e\000s\000\040\000f\000i\000c\000h\000i\000e\000r\000s}{}% 72
\BOOKMARK [2][-]{subsection.8.1}{\376\377\0008\000.\0001\000\040\000R\000\351\000f\000\351\000r\000e\000n\000c\000e\000\040\000d\000u\000\040\000f\000i\000c\000h\000i\000e\000r\000\040\000d\000o\000c\000s\000/\000d\000o\000x\000y\000g\000e\000n\000/\000M\000A\000I\000N\000P\000A\000G\000E\000.\000m\000d}{section.8}% 73
\BOOKMARK [2][-]{subsection.8.2}{\376\377\0008\000.\0002\000\040\000R\000\351\000f\000\351\000r\000e\000n\000c\000e\000\040\000d\000u\000\040\000f\000i\000c\000h\000i\000e\000r\000\040\000P\000a\000t\000h\000T\000a\000l\000e\000s\000B\000a\000c\000k\000/\000P\000a\000t\000h\000T\000a\000l\000e\000s\000B\000a\000c\000k\000/\000C\000o\000n\000t\000r\000o\000l\000l\000e\000r\000s\000/\000U\000s\000e\000r\000C\000o\000n\000t\000r\000o\000l\000l\000e\000r\000.\000c\000s}{section.8}% 74
\BOOKMARK [2][-]{subsection.8.3}{\376\377\0008\000.\0003\000\040\000U\000s\000e\000r\000C\000o\000n\000t\000r\000o\000l\000l\000e\000r\000.\000c\000s}{section.8}% 75
\BOOKMARK [2][-]{subsection.8.4}{\376\377\0008\000.\0004\000\040\000R\000\351\000f\000\351\000r\000e\000n\000c\000e\000\040\000d\000u\000\040\000f\000i\000c\000h\000i\000e\000r\000\040\000P\000a\000t\000h\000T\000a\000l\000e\000s\000B\000a\000c\000k\000/\000P\000a\000t\000h\000T\000a\000l\000e\000s\000B\000a\000c\000k\000/\000D\000a\000t\000a\000/\000M\000o\000n\000g\000o\000D\000b\000S\000e\000r\000v\000i\000c\000e\000.\000c\000s}{section.8}% 76
\BOOKMARK [2][-]{subsection.8.5}{\376\377\0008\000.\0005\000\040\000M\000o\000n\000g\000o\000D\000b\000S\000e\000r\000v\000i\000c\000e\000.\000c\000s}{section.8}% 77
\BOOKMARK [2][-]{subsection.8.6}{\376\377\0008\000.\0006\000\040\000R\000\351\000f\000\351\000r\000e\000n\000c\000e\000\040\000d\000u\000\040\000f\000i\000c\000h\000i\000e\000r\000\040\000P\000a\000t\000h\000T\000a\000l\000e\000s\000B\000a\000c\000k\000/\000P\000a\000t\000h\000T\000a\000l\000e\000s\000B\000a\000c\000k\000/\000E\000n\000t\000i\000t\000i\000e\000s\000/\000P\000a\000r\000a\000g\000r\000a\000p\000h\000.\000c\000s}{section.8}% 78
\BOOKMARK [2][-]{subsection.8.7}{\376\377\0008\000.\0007\000\040\000P\000a\000r\000a\000g\000r\000a\000p\000h\000.\000c\000s}{section.8}% 79
\BOOKMARK [2][-]{subsection.8.8}{\376\377\0008\000.\0008\000\040\000R\000\351\000f\000\351\000r\000e\000n\000c\000e\000\040\000d\000u\000\040\000f\000i\000c\000h\000i\000e\000r\000\040\000P\000a\000t\000h\000T\000a\000l\000e\000s\000B\000a\000c\000k\000/\000P\000a\000t\000h\000T\000a\000l\000e\000s\000B\000a\000c\000k\000/\000E\000n\000t\000i\000t\000i\000e\000s\000/\000R\000e\000p\000o\000r\000t\000.\000c\000s}{section.8}% 80
\BOOKMARK [2][-]{subsection.8.9}{\376\377\0008\000.\0009\000\040\000R\000e\000p\000o\000r\000t\000.\000c\000s}{section.8}% 81
\BOOKMARK [2][-]{subsection.8.10}{\376\377\0008\000.\0001\0000\000\040\000R\000\351\000f\000\351\000r\000e\000n\000c\000e\000\040\000d\000u\000\040\000f\000i\000c\000h\000i\000e\000r\000\040\000P\000a\000t\000h\000T\000a\000l\000e\000s\000B\000a\000c\000k\000/\000P\000a\000t\000h\000T\000a\000l\000e\000s\000B\000a\000c\000k\000/\000E\000n\000t\000i\000t\000i\000e\000s\000/\000S\000t\000o\000r\000y\000.\000c\000s}{section.8}% 82
\BOOKMARK [2][-]{subsection.8.11}{\376\377\0008\000.\0001\0001\000\040\000S\000t\000o\000r\000y\000.\000c\000s}{section.8}% 83
\BOOKMARK [2][-]{subsection.8.12}{\376\377\0008\000.\0001\0002\000\040\000R\000\351\000f\000\351\000r\000e\000n\000c\000e\000\040\000d\000u\000\040\000f\000i\000c\000h\000i\000e\000r\000\040\000P\000a\000t\000h\000T\000a\000l\000e\000s\000B\000a\000c\000k\000/\000P\000a\000t\000h\000T\000a\000l\000e\000s\000B\000a\000c\000k\000/\000E\000n\000t\000i\000t\000i\000e\000s\000/\000U\000s\000e\000r\000.\000c\000s}{section.8}% 84
\BOOKMARK [2][-]{subsection.8.13}{\376\377\0008\000.\0001\0003\000\040\000U\000s\000e\000r\000.\000c\000s}{section.8}% 85
\BOOKMARK [2][-]{subsection.8.14}{\376\377\0008\000.\0001\0004\000\040\000R\000\351\000f\000\351\000r\000e\000n\000c\000e\000\040\000d\000u\000\040\000f\000i\000c\000h\000i\000e\000r\000\040\000P\000a\000t\000h\000T\000a\000l\000e\000s\000B\000a\000c\000k\000/\000P\000a\000t\000h\000T\000a\000l\000e\000s\000B\000a\000c\000k\000/\000P\000r\000o\000g\000r\000a\000m\000.\000c\000s}{section.8}% 86
\BOOKMARK [3][-]{subsubsection.8.14.1}{\376\377\0008\000.\0001\0004\000.\0001\000\040\000D\000o\000c\000u\000m\000e\000n\000t\000a\000t\000i\000o\000n\000\040\000d\000e\000s\000\040\000f\000o\000n\000c\000t\000i\000o\000n\000s}{subsection.8.14}% 87
\BOOKMARK [3][-]{subsubsection.8.14.2}{\376\377\0008\000.\0001\0004\000.\0002\000\040\000D\000o\000c\000u\000m\000e\000n\000t\000a\000t\000i\000o\000n\000\040\000d\000e\000s\000\040\000v\000a\000r\000i\000a\000b\000l\000e\000s}{subsection.8.14}% 88
\BOOKMARK [2][-]{subsection.8.15}{\376\377\0008\000.\0001\0005\000\040\000P\000r\000o\000g\000r\000a\000m\000.\000c\000s}{section.8}% 89
